New log file opened at Tue Sep 29 10:49:49 BST 2015 by 9310@LEEML0195695
jvm 9310@LEEML0195695
jvm vmName=Java HotSpot(TM) 64-Bit Server VM vmVendor=Oracle Corporation vmVersion=25.60-b23
jvm specName=Java Virtual Machine Specification specVendor=Oracle Corporation specVersion=1.8
jvm arguments: [-Xms256m, -Xmx1024m, -XX:MetaspaceSize=64m, -XX:MaxMetaspaceSize=256m]
Starting event engine
Starting sbt command engine
Waiting for sbt command engine
Command engine arguments=List()
Command engine baseDirectory=/Users/mpe12/BSkyBProject/Website
Command engine initial remaining commands List(--initialize, onFailure load-failed, boot, server-send-ready-for-request, server-handle-next-server-request)
> --initialize
> initialize
> onFailure load-failed
> boot
> reload
[Loading] Scanning directory /Users/mpe12/BSkyBProject/Website/project/project
[Loading] Found non-root projects 
[Loading] Done in /Users/mpe12/BSkyBProject/Website/project/project, returning: ()
deducing auto plugins based on known facts Set(Atom(sbt.plugins.CorePlugin)) and clauses Clauses(List(Clause(Atom(sbt.plugins.JvmPlugin),Set(Atom(sbt.plugins.IvyPlugin))), Clause(Atom(sbt.plugins.JUnitXmlReportPlugin),Set(Atom(sbt.plugins.JvmPlugin))), Clause(Atom(sbt.plugins.CorePlugin),Set(Atom(sbt.plugins.IvyPlugin))), Clause(Atom(sbt.plugins.IvyPlugin),Set(Atom(sbt.plugins.JvmPlugin))), Clause(Atom(sbt.plugins.JvmPlugin),Set(Atom(sbt.plugins.JUnitXmlReportPlugin)))))
  :: deduced result: Matched(sbt.plugins.CorePlugin,sbt.plugins.IvyPlugin,sbt.plugins.JvmPlugin,sbt.plugins.JUnitXmlReportPlugin)
sorting: ns: List(sbt.plugins.CorePlugin, sbt.plugins.IvyPlugin, sbt.plugins.JvmPlugin, sbt.plugins.JUnitXmlReportPlugin)
  :: sorting:: found: List(sbt.plugins.CorePlugin) not found List(sbt.plugins.IvyPlugin, sbt.plugins.JvmPlugin, sbt.plugins.JUnitXmlReportPlugin)
  :: sorting:: found: List(sbt.plugins.CorePlugin, sbt.plugins.IvyPlugin) not found List(sbt.plugins.JvmPlugin, sbt.plugins.JUnitXmlReportPlugin)
  :: sorting:: found: List(sbt.plugins.CorePlugin, sbt.plugins.IvyPlugin, sbt.plugins.JvmPlugin) not found List(sbt.plugins.JUnitXmlReportPlugin)
  :: sorting:: found: List(sbt.plugins.CorePlugin, sbt.plugins.IvyPlugin, sbt.plugins.JvmPlugin, sbt.plugins.JUnitXmlReportPlugin) not found List()
  :: sorted deduced result: List(sbt.plugins.CorePlugin, sbt.plugins.IvyPlugin, sbt.plugins.JvmPlugin, sbt.plugins.JUnitXmlReportPlugin)
[Loading] Done in /Users/mpe12/BSkyBProject/Website/project/project, returning: (website-build-build)
Loading project definition from /Users/mpe12/BSkyBProject/Website/project/project
Running task... Cancel: sbt.TaskCancellationStrategy$Null$@493ec1bf, check cycles: false

Initial source changes: 
	removed:Set()
	added: Set()
	modified: Set()
Removed products: Set()
External API changes: API Changes: Set()
Modified binary dependencies: Set()
Initial directly invalidated sources: Set()

Sources indirectly invalidated by:
	product: Set()
	binary dep: Set()
	external source: Set()
All initially invalidated sources: Set()

Copy resource mappings: 
	
[Loading] Scanning directory /Users/mpe12/BSkyBProject/Website/project
[Loading] Found non-root projects 
[Loading] Done in /Users/mpe12/BSkyBProject/Website/project, returning: ()
deducing auto plugins based on known facts Set(Atom(sbt.plugins.CorePlugin)) and clauses Clauses(List(Clause(Atom(sbt.plugins.JvmPlugin),Set(Atom(sbt.plugins.IvyPlugin))), Clause(Atom(sbt.plugins.JUnitXmlReportPlugin),Set(Atom(sbt.plugins.JvmPlugin))), Clause(Atom(sbt.plugins.CorePlugin),Set(Atom(sbt.plugins.IvyPlugin))), Clause(Atom(sbt.plugins.IvyPlugin),Set(Atom(sbt.plugins.JvmPlugin))), Clause(Atom(sbt.plugins.JvmPlugin),Set(Atom(sbt.plugins.JUnitXmlReportPlugin)))))
  :: deduced result: Matched(sbt.plugins.CorePlugin,sbt.plugins.IvyPlugin,sbt.plugins.JvmPlugin,sbt.plugins.JUnitXmlReportPlugin)
sorting: ns: List(sbt.plugins.CorePlugin, sbt.plugins.IvyPlugin, sbt.plugins.JvmPlugin, sbt.plugins.JUnitXmlReportPlugin)
  :: sorting:: found: List(sbt.plugins.CorePlugin) not found List(sbt.plugins.IvyPlugin, sbt.plugins.JvmPlugin, sbt.plugins.JUnitXmlReportPlugin)
  :: sorting:: found: List(sbt.plugins.CorePlugin, sbt.plugins.IvyPlugin) not found List(sbt.plugins.JvmPlugin, sbt.plugins.JUnitXmlReportPlugin)
  :: sorting:: found: List(sbt.plugins.CorePlugin, sbt.plugins.IvyPlugin, sbt.plugins.JvmPlugin) not found List(sbt.plugins.JUnitXmlReportPlugin)
  :: sorting:: found: List(sbt.plugins.CorePlugin, sbt.plugins.IvyPlugin, sbt.plugins.JvmPlugin, sbt.plugins.JUnitXmlReportPlugin) not found List()
  :: sorted deduced result: List(sbt.plugins.CorePlugin, sbt.plugins.IvyPlugin, sbt.plugins.JvmPlugin, sbt.plugins.JUnitXmlReportPlugin)
[Loading] Done in /Users/mpe12/BSkyBProject/Website/project, returning: (website-build)
Loading project definition from /Users/mpe12/BSkyBProject/Website/project
Running task... Cancel: sbt.TaskCancellationStrategy$Null$@493ec1bf, check cycles: false

Initial source changes: 
	removed:Set()
	added: Set()
	modified: Set()
Removed products: Set()
External API changes: API Changes: Set()
Modified binary dependencies: Set()
Initial directly invalidated sources: Set()

Sources indirectly invalidated by:
	product: Set()
	binary dep: Set()
	external source: Set()
All initially invalidated sources: Set()

Copy resource mappings: 
	
[Loading] Scanning directory /Users/mpe12/BSkyBProject/Website
[Loading] Found root project myProject w/ remaining 
deducing auto plugins based on known facts Set(Atom(play.sbt.PlayJava), Atom(play.ebean.sbt.PlayEbean), Atom(sbt.plugins.CorePlugin)) and clauses Clauses(List(Clause(Atom(sbt.plugins.JvmPlugin),Set(Atom(sbt.plugins.IvyPlugin))), Clause(Atom(sbt.plugins.JUnitXmlReportPlugin),Set(Atom(sbt.plugins.JvmPlugin))), Clause(Atom(play.sbt.forkrun.PlayForkRun),Set(Atom(sbt.plugins.BackgroundRunPlugin))), Clause(Atom(play.sbt.forkrun.PlayForkRun),Set(Atom(play.sbt.Play))), Clause(Atom(play.sbt.forkrun.PlayForkRun),Set(Atom(sbt.plugins.SerializersPlugin))), Clause(Atom(play.sbt.Play),Set(Atom(com.typesafe.sbt.packager.archetypes.JavaServerAppPackaging))), Clause(Atom(play.sbt.Play),Set(Atom(play.sbt.routes.RoutesCompiler))), Clause(Atom(play.sbt.Play),Set(Atom(play.twirl.sbt.SbtTwirl))), Clause(Atom(play.sbt.Play),Set(Atom(com.typesafe.sbt.jse.SbtJsTask))), Clause(Atom(play.sbt.PlayAkkaHttpServer),Set(Atom(play.sbt.Play))), Clause(Atom(play.sbt.PlayJava),Set(Atom(play.sbt.Play))), Clause(Atom(play.sbt.PlayLayoutPlugin),Set(Atom(play.sbt.Play))), Clause(Atom(play.sbt.PlayNettyServer),Set(Atom(play.sbt.Play))), Clause(Atom(play.sbt.PlayScala),Set(Atom(play.sbt.Play))), Clause(Atom(play.sbt.routes.RoutesCompiler),Set(Atom(sbt.plugins.JvmPlugin))), Clause(Atom(play.twirl.sbt.SbtTwirl),Set(Atom(sbt.plugins.JvmPlugin))), Clause(Atom(com.typesafe.sbt.packager.archetypes.AkkaAppPackaging),Set(Atom(com.typesafe.sbt.packager.archetypes.JavaAppPackaging))), Clause(Atom(com.typesafe.sbt.packager.archetypes.JavaAppPackaging),Set(Atom(com.typesafe.sbt.packager.windows.WindowsPlugin))), Clause(Atom(com.typesafe.sbt.packager.archetypes.JavaAppPackaging),Set(Atom(com.typesafe.sbt.packager.docker.DockerPlugin))), Clause(Atom(com.typesafe.sbt.packager.archetypes.JavaAppPackaging),Set(Atom(com.typesafe.sbt.packager.debian.DebianPlugin))), Clause(Atom(com.typesafe.sbt.packager.archetypes.JavaAppPackaging),Set(Atom(com.typesafe.sbt.packager.rpm.RpmPlugin))), Clause(Atom(com.typesafe.sbt.packager.archetypes.JavaServerAppPackaging),Set(Atom(com.typesafe.sbt.packager.archetypes.JavaAppPackaging))), Clause(Atom(com.typesafe.sbt.packager.archetypes.jar.ClasspathJarPlugin),Set(Atom(com.typesafe.sbt.packager.archetypes.JavaAppPackaging))), Clause(Atom(com.typesafe.sbt.packager.archetypes.jar.LauncherJarPlugin),Set(Atom(com.typesafe.sbt.packager.archetypes.JavaAppPackaging))), Clause(Atom(com.typesafe.sbt.packager.debian.DebianDeployPlugin),Set(Atom(com.typesafe.sbt.packager.debian.DebianPlugin))), Clause(Atom(com.typesafe.sbt.packager.debian.DebianPlugin),Set(Atom(com.typesafe.sbt.packager.linux.LinuxPlugin))), Clause(Atom(com.typesafe.sbt.packager.debian.JDebPackaging),Set(Atom(com.typesafe.sbt.packager.debian.DebianPlugin))), Clause(Atom(com.typesafe.sbt.packager.docker.DockerPlugin),Set(Atom(com.typesafe.sbt.packager.universal.UniversalPlugin))), Clause(Atom(com.typesafe.sbt.packager.jdkpackager.JDKPackagerDeployPlugin),Set(Atom(com.typesafe.sbt.packager.jdkpackager.JDKPackagerPlugin))), Clause(Atom(com.typesafe.sbt.packager.jdkpackager.JDKPackagerPlugin),Set(Atom(com.typesafe.sbt.packager.archetypes.JavaAppPackaging))), Clause(Atom(com.typesafe.sbt.packager.jdkpackager.JDKPackagerPlugin),Set(Atom(com.typesafe.sbt.packager.archetypes.jar.ClasspathJarPlugin))), Clause(Atom(com.typesafe.sbt.packager.linux.LinuxPlugin),Set(Atom(com.typesafe.sbt.packager.universal.UniversalPlugin))), Clause(Atom(com.typesafe.sbt.packager.rpm.RpmDeployPlugin),Set(Atom(com.typesafe.sbt.packager.rpm.RpmPlugin))), Clause(Atom(com.typesafe.sbt.packager.rpm.RpmPlugin),Set(Atom(com.typesafe.sbt.packager.linux.LinuxPlugin))), Clause(Atom(com.typesafe.sbt.packager.universal.UniversalDeployPlugin),Set(Atom(com.typesafe.sbt.packager.universal.UniversalPlugin))), Clause(Atom(com.typesafe.sbt.packager.universal.UniversalPlugin),Set(Atom(com.typesafe.sbt.SbtNativePackager))), Clause(Atom(com.typesafe.sbt.packager.windows.WindowsDeployPlugin),Set(Atom(com.typesafe.sbt.packager.windows.WindowsPlugin))), Clause(Atom(com.typesafe.sbt.packager.windows.WindowsPlugin),Set(Atom(com.typesafe.sbt.packager.universal.UniversalPlugin))), Clause(Atom(com.typesafe.sbt.web.SbtWeb),Set(Atom(sbt.plugins.JvmPlugin))), Clause(Atom(com.typesafe.sbt.jse.SbtJsEngine),Set(Atom(com.typesafe.sbt.web.SbtWeb))), Clause(Atom(com.typesafe.sbt.jse.SbtJsTask),Set(Atom(com.typesafe.sbt.jse.SbtJsEngine))), Clause(Atom(sbt.plugins.BackgroundRunPlugin),Set(Atom(sbt.plugins.JvmPlugin))), Clause(Atom(com.typesafe.sbt.coffeescript.SbtCoffeeScript),Set(Atom(com.typesafe.sbt.jse.SbtJsTask))), Clause(Atom(com.typesafe.sbt.less.SbtLess),Set(Atom(com.typesafe.sbt.jse.SbtJsTask))), Clause(Atom(com.typesafe.sbt.jshint.SbtJSHint),Set(Atom(com.typesafe.sbt.jse.SbtJsTask))), Clause(Atom(com.typesafe.sbt.rjs.SbtRjs),Set(Atom(com.typesafe.sbt.jse.SbtJsTask))), Clause(Atom(com.typesafe.sbt.digest.SbtDigest),Set(Atom(com.typesafe.sbt.web.SbtWeb))), Clause(Atom(com.typesafe.sbt.mocha.SbtMocha),Set(Atom(com.typesafe.sbt.jse.SbtJsTask))), Clause(Atom(com.typesafe.play.sbt.enhancer.PlayEnhancer),Set(Atom(sbt.plugins.JvmPlugin))), Clause(Atom(play.ebean.sbt.PlayEbean),Set(Atom(com.typesafe.play.sbt.enhancer.PlayEnhancer))), Clause(Atom(sbt.plugins.CorePlugin),Set(Atom(sbt.plugins.IvyPlugin))), Clause(Atom(sbt.plugins.IvyPlugin),Set(Atom(sbt.plugins.JvmPlugin))), Clause(Atom(sbt.plugins.JvmPlugin),Set(Atom(sbt.plugins.JUnitXmlReportPlugin))), Clause(And(Set(Atom(sbt.plugins.BackgroundRunPlugin), Atom(play.sbt.Play), Atom(sbt.plugins.SerializersPlugin))),Set(Atom(play.sbt.forkrun.PlayForkRun))), Clause(Atom(play.sbt.Play),Set(Atom(play.sbt.PlayLayoutPlugin))), Clause(Atom(play.sbt.Play),Set(Atom(play.sbt.PlayNettyServer))), Clause(Atom(com.typesafe.sbt.web.SbtWeb),Set(Atom(com.typesafe.sbt.jse.SbtJsEngine))), Clause(Atom(com.typesafe.sbt.jse.SbtJsEngine),Set(Atom(com.typesafe.sbt.jse.SbtJsTask))), Clause(Atom(sbt.plugins.JvmPlugin),Set(Atom(sbt.plugins.BackgroundRunPlugin))), Clause(Atom(sbt.plugins.CorePlugin),Set(Atom(sbt.plugins.InteractionServicePlugin))), Clause(Atom(sbt.plugins.CorePlugin),Set(Atom(sbt.plugins.SendEventServicePlugin))), Clause(Atom(sbt.plugins.CorePlugin),Set(Atom(sbt.plugins.SerializersPlugin))), Clause(Atom(com.typesafe.sbt.jse.SbtJsTask),Set(Atom(com.typesafe.sbt.coffeescript.SbtCoffeeScript))), Clause(Atom(com.typesafe.sbt.jse.SbtJsTask),Set(Atom(com.typesafe.sbt.less.SbtLess))), Clause(Atom(com.typesafe.sbt.jse.SbtJsTask),Set(Atom(com.typesafe.sbt.jshint.SbtJSHint))), Clause(Atom(com.typesafe.sbt.jse.SbtJsTask),Set(Atom(com.typesafe.sbt.rjs.SbtRjs))), Clause(Atom(com.typesafe.sbt.web.SbtWeb),Set(Atom(com.typesafe.sbt.digest.SbtDigest))), Clause(Atom(com.typesafe.sbt.jse.SbtJsTask),Set(Atom(com.typesafe.sbt.mocha.SbtMocha))), Clause(Atom(sbt.plugins.JvmPlugin),Set(Atom(com.typesafe.play.sbt.enhancer.PlayEnhancer)))))
  :: deduced result: Matched(sbt.plugins.CorePlugin,play.ebean.sbt.PlayEbean,play.sbt.PlayJava,com.typesafe.play.sbt.enhancer.PlayEnhancer,sbt.plugins.InteractionServicePlugin,sbt.plugins.SendEventServicePlugin,play.sbt.Play,sbt.plugins.SerializersPlugin,sbt.plugins.IvyPlugin,com.typesafe.sbt.packager.archetypes.JavaServerAppPackaging,play.twirl.sbt.SbtTwirl,sbt.plugins.JvmPlugin,play.sbt.PlayNettyServer,play.sbt.PlayLayoutPlugin,play.sbt.routes.RoutesCompiler,com.typesafe.sbt.jse.SbtJsTask,com.typesafe.sbt.jshint.SbtJSHint,com.typesafe.sbt.packager.archetypes.JavaAppPackaging,sbt.plugins.JUnitXmlReportPlugin,com.typesafe.sbt.mocha.SbtMocha,com.typesafe.sbt.less.SbtLess,com.typesafe.sbt.rjs.SbtRjs,com.typesafe.sbt.jse.SbtJsEngine,com.typesafe.sbt.coffeescript.SbtCoffeeScript,sbt.plugins.BackgroundRunPlugin,com.typesafe.sbt.packager.rpm.RpmPlugin,com.typesafe.sbt.packager.windows.WindowsPlugin,com.typesafe.sbt.web.SbtWeb,com.typesafe.sbt.packager.docker.DockerPlugin,play.sbt.forkrun.PlayForkRun,com.typesafe.sbt.packager.debian.DebianPlugin,com.typesafe.sbt.digest.SbtDigest,com.typesafe.sbt.packager.universal.UniversalPlugin,com.typesafe.sbt.packager.linux.LinuxPlugin,com.typesafe.sbt.SbtNativePackager)
sorting: ns: List(sbt.plugins.CorePlugin, play.ebean.sbt.PlayEbean, play.sbt.PlayJava, com.typesafe.play.sbt.enhancer.PlayEnhancer, sbt.plugins.InteractionServicePlugin, sbt.plugins.SendEventServicePlugin, play.sbt.Play, sbt.plugins.SerializersPlugin, sbt.plugins.IvyPlugin, com.typesafe.sbt.packager.archetypes.JavaServerAppPackaging, play.twirl.sbt.SbtTwirl, sbt.plugins.JvmPlugin, play.sbt.PlayNettyServer, play.sbt.PlayLayoutPlugin, play.sbt.routes.RoutesCompiler, com.typesafe.sbt.jse.SbtJsTask, com.typesafe.sbt.jshint.SbtJSHint, com.typesafe.sbt.packager.archetypes.JavaAppPackaging, sbt.plugins.JUnitXmlReportPlugin, com.typesafe.sbt.mocha.SbtMocha, com.typesafe.sbt.less.SbtLess, com.typesafe.sbt.rjs.SbtRjs, com.typesafe.sbt.jse.SbtJsEngine, com.typesafe.sbt.coffeescript.SbtCoffeeScript, sbt.plugins.BackgroundRunPlugin, com.typesafe.sbt.packager.rpm.RpmPlugin, com.typesafe.sbt.packager.windows.WindowsPlugin, com.typesafe.sbt.web.SbtWeb, com.typesafe.sbt.packager.docker.DockerPlugin, play.sbt.forkrun.PlayForkRun, com.typesafe.sbt.packager.debian.DebianPlugin, com.typesafe.sbt.digest.SbtDigest, com.typesafe.sbt.packager.universal.UniversalPlugin, com.typesafe.sbt.packager.linux.LinuxPlugin, com.typesafe.sbt.SbtNativePackager)
  :: sorting:: found: List(sbt.plugins.CorePlugin, com.typesafe.sbt.SbtNativePackager) not found List(play.ebean.sbt.PlayEbean, play.sbt.PlayJava, com.typesafe.play.sbt.enhancer.PlayEnhancer, sbt.plugins.InteractionServicePlugin, sbt.plugins.SendEventServicePlugin, play.sbt.Play, sbt.plugins.SerializersPlugin, sbt.plugins.IvyPlugin, com.typesafe.sbt.packager.archetypes.JavaServerAppPackaging, play.twirl.sbt.SbtTwirl, sbt.plugins.JvmPlugin, play.sbt.PlayNettyServer, play.sbt.PlayLayoutPlugin, play.sbt.routes.RoutesCompiler, com.typesafe.sbt.jse.SbtJsTask, com.typesafe.sbt.jshint.SbtJSHint, com.typesafe.sbt.packager.archetypes.JavaAppPackaging, sbt.plugins.JUnitXmlReportPlugin, com.typesafe.sbt.mocha.SbtMocha, com.typesafe.sbt.less.SbtLess, com.typesafe.sbt.rjs.SbtRjs, com.typesafe.sbt.jse.SbtJsEngine, com.typesafe.sbt.coffeescript.SbtCoffeeScript, sbt.plugins.BackgroundRunPlugin, com.typesafe.sbt.packager.rpm.RpmPlugin, com.typesafe.sbt.packager.windows.WindowsPlugin, com.typesafe.sbt.web.SbtWeb, com.typesafe.sbt.packager.docker.DockerPlugin, play.sbt.forkrun.PlayForkRun, com.typesafe.sbt.packager.debian.DebianPlugin, com.typesafe.sbt.digest.SbtDigest, com.typesafe.sbt.packager.universal.UniversalPlugin, com.typesafe.sbt.packager.linux.LinuxPlugin)
  :: sorting:: found: List(sbt.plugins.CorePlugin, com.typesafe.sbt.SbtNativePackager, sbt.plugins.InteractionServicePlugin, sbt.plugins.SendEventServicePlugin, sbt.plugins.SerializersPlugin, sbt.plugins.IvyPlugin, com.typesafe.sbt.packager.universal.UniversalPlugin) not found List(play.ebean.sbt.PlayEbean, play.sbt.PlayJava, com.typesafe.play.sbt.enhancer.PlayEnhancer, play.sbt.Play, com.typesafe.sbt.packager.archetypes.JavaServerAppPackaging, play.twirl.sbt.SbtTwirl, sbt.plugins.JvmPlugin, play.sbt.PlayNettyServer, play.sbt.PlayLayoutPlugin, play.sbt.routes.RoutesCompiler, com.typesafe.sbt.jse.SbtJsTask, com.typesafe.sbt.jshint.SbtJSHint, com.typesafe.sbt.packager.archetypes.JavaAppPackaging, sbt.plugins.JUnitXmlReportPlugin, com.typesafe.sbt.mocha.SbtMocha, com.typesafe.sbt.less.SbtLess, com.typesafe.sbt.rjs.SbtRjs, com.typesafe.sbt.jse.SbtJsEngine, com.typesafe.sbt.coffeescript.SbtCoffeeScript, sbt.plugins.BackgroundRunPlugin, com.typesafe.sbt.packager.rpm.RpmPlugin, com.typesafe.sbt.packager.windows.WindowsPlugin, com.typesafe.sbt.web.SbtWeb, com.typesafe.sbt.packager.docker.DockerPlugin, play.sbt.forkrun.PlayForkRun, com.typesafe.sbt.packager.debian.DebianPlugin, com.typesafe.sbt.digest.SbtDigest, com.typesafe.sbt.packager.linux.LinuxPlugin)
  :: sorting:: found: List(sbt.plugins.CorePlugin, com.typesafe.sbt.SbtNativePackager, sbt.plugins.InteractionServicePlugin, sbt.plugins.SendEventServicePlugin, sbt.plugins.SerializersPlugin, sbt.plugins.IvyPlugin, com.typesafe.sbt.packager.universal.UniversalPlugin, sbt.plugins.JvmPlugin, com.typesafe.sbt.packager.windows.WindowsPlugin, com.typesafe.sbt.packager.docker.DockerPlugin, com.typesafe.sbt.packager.linux.LinuxPlugin) not found List(play.ebean.sbt.PlayEbean, play.sbt.PlayJava, com.typesafe.play.sbt.enhancer.PlayEnhancer, play.sbt.Play, com.typesafe.sbt.packager.archetypes.JavaServerAppPackaging, play.twirl.sbt.SbtTwirl, play.sbt.PlayNettyServer, play.sbt.PlayLayoutPlugin, play.sbt.routes.RoutesCompiler, com.typesafe.sbt.jse.SbtJsTask, com.typesafe.sbt.jshint.SbtJSHint, com.typesafe.sbt.packager.archetypes.JavaAppPackaging, sbt.plugins.JUnitXmlReportPlugin, com.typesafe.sbt.mocha.SbtMocha, com.typesafe.sbt.less.SbtLess, com.typesafe.sbt.rjs.SbtRjs, com.typesafe.sbt.jse.SbtJsEngine, com.typesafe.sbt.coffeescript.SbtCoffeeScript, sbt.plugins.BackgroundRunPlugin, com.typesafe.sbt.packager.rpm.RpmPlugin, com.typesafe.sbt.web.SbtWeb, play.sbt.forkrun.PlayForkRun, com.typesafe.sbt.packager.debian.DebianPlugin, com.typesafe.sbt.digest.SbtDigest)
  :: sorting:: found: List(sbt.plugins.CorePlugin, com.typesafe.sbt.SbtNativePackager, sbt.plugins.InteractionServicePlugin, sbt.plugins.SendEventServicePlugin, sbt.plugins.SerializersPlugin, sbt.plugins.IvyPlugin, com.typesafe.sbt.packager.universal.UniversalPlugin, sbt.plugins.JvmPlugin, com.typesafe.sbt.packager.windows.WindowsPlugin, com.typesafe.sbt.packager.docker.DockerPlugin, com.typesafe.sbt.packager.linux.LinuxPlugin, com.typesafe.play.sbt.enhancer.PlayEnhancer, play.twirl.sbt.SbtTwirl, play.sbt.routes.RoutesCompiler, sbt.plugins.JUnitXmlReportPlugin, sbt.plugins.BackgroundRunPlugin, com.typesafe.sbt.packager.rpm.RpmPlugin, com.typesafe.sbt.web.SbtWeb, com.typesafe.sbt.packager.debian.DebianPlugin) not found List(play.ebean.sbt.PlayEbean, play.sbt.PlayJava, play.sbt.Play, com.typesafe.sbt.packager.archetypes.JavaServerAppPackaging, play.sbt.PlayNettyServer, play.sbt.PlayLayoutPlugin, com.typesafe.sbt.jse.SbtJsTask, com.typesafe.sbt.jshint.SbtJSHint, com.typesafe.sbt.packager.archetypes.JavaAppPackaging, com.typesafe.sbt.mocha.SbtMocha, com.typesafe.sbt.less.SbtLess, com.typesafe.sbt.rjs.SbtRjs, com.typesafe.sbt.jse.SbtJsEngine, com.typesafe.sbt.coffeescript.SbtCoffeeScript, play.sbt.forkrun.PlayForkRun, com.typesafe.sbt.digest.SbtDigest)
  :: sorting:: found: List(sbt.plugins.CorePlugin, com.typesafe.sbt.SbtNativePackager, sbt.plugins.InteractionServicePlugin, sbt.plugins.SendEventServicePlugin, sbt.plugins.SerializersPlugin, sbt.plugins.IvyPlugin, com.typesafe.sbt.packager.universal.UniversalPlugin, sbt.plugins.JvmPlugin, com.typesafe.sbt.packager.windows.WindowsPlugin, com.typesafe.sbt.packager.docker.DockerPlugin, com.typesafe.sbt.packager.linux.LinuxPlugin, com.typesafe.play.sbt.enhancer.PlayEnhancer, play.twirl.sbt.SbtTwirl, play.sbt.routes.RoutesCompiler, sbt.plugins.JUnitXmlReportPlugin, sbt.plugins.BackgroundRunPlugin, com.typesafe.sbt.packager.rpm.RpmPlugin, com.typesafe.sbt.web.SbtWeb, com.typesafe.sbt.packager.debian.DebianPlugin, play.ebean.sbt.PlayEbean, com.typesafe.sbt.packager.archetypes.JavaAppPackaging, com.typesafe.sbt.jse.SbtJsEngine, com.typesafe.sbt.digest.SbtDigest) not found List(play.sbt.PlayJava, play.sbt.Play, com.typesafe.sbt.packager.archetypes.JavaServerAppPackaging, play.sbt.PlayNettyServer, play.sbt.PlayLayoutPlugin, com.typesafe.sbt.jse.SbtJsTask, com.typesafe.sbt.jshint.SbtJSHint, com.typesafe.sbt.mocha.SbtMocha, com.typesafe.sbt.less.SbtLess, com.typesafe.sbt.rjs.SbtRjs, com.typesafe.sbt.coffeescript.SbtCoffeeScript, play.sbt.forkrun.PlayForkRun)
  :: sorting:: found: List(sbt.plugins.CorePlugin, com.typesafe.sbt.SbtNativePackager, sbt.plugins.InteractionServicePlugin, sbt.plugins.SendEventServicePlugin, sbt.plugins.SerializersPlugin, sbt.plugins.IvyPlugin, com.typesafe.sbt.packager.universal.UniversalPlugin, sbt.plugins.JvmPlugin, com.typesafe.sbt.packager.windows.WindowsPlugin, com.typesafe.sbt.packager.docker.DockerPlugin, com.typesafe.sbt.packager.linux.LinuxPlugin, com.typesafe.play.sbt.enhancer.PlayEnhancer, play.twirl.sbt.SbtTwirl, play.sbt.routes.RoutesCompiler, sbt.plugins.JUnitXmlReportPlugin, sbt.plugins.BackgroundRunPlugin, com.typesafe.sbt.packager.rpm.RpmPlugin, com.typesafe.sbt.web.SbtWeb, com.typesafe.sbt.packager.debian.DebianPlugin, play.ebean.sbt.PlayEbean, com.typesafe.sbt.packager.archetypes.JavaAppPackaging, com.typesafe.sbt.jse.SbtJsEngine, com.typesafe.sbt.digest.SbtDigest, com.typesafe.sbt.packager.archetypes.JavaServerAppPackaging, com.typesafe.sbt.jse.SbtJsTask) not found List(play.sbt.PlayJava, play.sbt.Play, play.sbt.PlayNettyServer, play.sbt.PlayLayoutPlugin, com.typesafe.sbt.jshint.SbtJSHint, com.typesafe.sbt.mocha.SbtMocha, com.typesafe.sbt.less.SbtLess, com.typesafe.sbt.rjs.SbtRjs, com.typesafe.sbt.coffeescript.SbtCoffeeScript, play.sbt.forkrun.PlayForkRun)
  :: sorting:: found: List(sbt.plugins.CorePlugin, com.typesafe.sbt.SbtNativePackager, sbt.plugins.InteractionServicePlugin, sbt.plugins.SendEventServicePlugin, sbt.plugins.SerializersPlugin, sbt.plugins.IvyPlugin, com.typesafe.sbt.packager.universal.UniversalPlugin, sbt.plugins.JvmPlugin, com.typesafe.sbt.packager.windows.WindowsPlugin, com.typesafe.sbt.packager.docker.DockerPlugin, com.typesafe.sbt.packager.linux.LinuxPlugin, com.typesafe.play.sbt.enhancer.PlayEnhancer, play.twirl.sbt.SbtTwirl, play.sbt.routes.RoutesCompiler, sbt.plugins.JUnitXmlReportPlugin, sbt.plugins.BackgroundRunPlugin, com.typesafe.sbt.packager.rpm.RpmPlugin, com.typesafe.sbt.web.SbtWeb, com.typesafe.sbt.packager.debian.DebianPlugin, play.ebean.sbt.PlayEbean, com.typesafe.sbt.packager.archetypes.JavaAppPackaging, com.typesafe.sbt.jse.SbtJsEngine, com.typesafe.sbt.digest.SbtDigest, com.typesafe.sbt.packager.archetypes.JavaServerAppPackaging, com.typesafe.sbt.jse.SbtJsTask, play.sbt.Play, com.typesafe.sbt.jshint.SbtJSHint, com.typesafe.sbt.mocha.SbtMocha, com.typesafe.sbt.less.SbtLess, com.typesafe.sbt.rjs.SbtRjs, com.typesafe.sbt.coffeescript.SbtCoffeeScript) not found List(play.sbt.PlayJava, play.sbt.PlayNettyServer, play.sbt.PlayLayoutPlugin, play.sbt.forkrun.PlayForkRun)
  :: sorting:: found: List(sbt.plugins.CorePlugin, com.typesafe.sbt.SbtNativePackager, sbt.plugins.InteractionServicePlugin, sbt.plugins.SendEventServicePlugin, sbt.plugins.SerializersPlugin, sbt.plugins.IvyPlugin, com.typesafe.sbt.packager.universal.UniversalPlugin, sbt.plugins.JvmPlugin, com.typesafe.sbt.packager.windows.WindowsPlugin, com.typesafe.sbt.packager.docker.DockerPlugin, com.typesafe.sbt.packager.linux.LinuxPlugin, com.typesafe.play.sbt.enhancer.PlayEnhancer, play.twirl.sbt.SbtTwirl, play.sbt.routes.RoutesCompiler, sbt.plugins.JUnitXmlReportPlugin, sbt.plugins.BackgroundRunPlugin, com.typesafe.sbt.packager.rpm.RpmPlugin, com.typesafe.sbt.web.SbtWeb, com.typesafe.sbt.packager.debian.DebianPlugin, play.ebean.sbt.PlayEbean, com.typesafe.sbt.packager.archetypes.JavaAppPackaging, com.typesafe.sbt.jse.SbtJsEngine, com.typesafe.sbt.digest.SbtDigest, com.typesafe.sbt.packager.archetypes.JavaServerAppPackaging, com.typesafe.sbt.jse.SbtJsTask, play.sbt.Play, com.typesafe.sbt.jshint.SbtJSHint, com.typesafe.sbt.mocha.SbtMocha, com.typesafe.sbt.less.SbtLess, com.typesafe.sbt.rjs.SbtRjs, com.typesafe.sbt.coffeescript.SbtCoffeeScript, play.sbt.PlayJava, play.sbt.PlayNettyServer, play.sbt.PlayLayoutPlugin, play.sbt.forkrun.PlayForkRun) not found List()
  :: sorted deduced result: List(sbt.plugins.CorePlugin, com.typesafe.sbt.SbtNativePackager, sbt.plugins.InteractionServicePlugin, sbt.plugins.SendEventServicePlugin, sbt.plugins.SerializersPlugin, sbt.plugins.IvyPlugin, com.typesafe.sbt.packager.universal.UniversalPlugin, sbt.plugins.JvmPlugin, com.typesafe.sbt.packager.windows.WindowsPlugin, com.typesafe.sbt.packager.docker.DockerPlugin, com.typesafe.sbt.packager.linux.LinuxPlugin, com.typesafe.play.sbt.enhancer.PlayEnhancer, play.twirl.sbt.SbtTwirl, play.sbt.routes.RoutesCompiler, sbt.plugins.JUnitXmlReportPlugin, sbt.plugins.BackgroundRunPlugin, com.typesafe.sbt.packager.rpm.RpmPlugin, com.typesafe.sbt.web.SbtWeb, com.typesafe.sbt.packager.debian.DebianPlugin, play.ebean.sbt.PlayEbean, com.typesafe.sbt.packager.archetypes.JavaAppPackaging, com.typesafe.sbt.jse.SbtJsEngine, com.typesafe.sbt.digest.SbtDigest, com.typesafe.sbt.packager.archetypes.JavaServerAppPackaging, com.typesafe.sbt.jse.SbtJsTask, play.sbt.Play, com.typesafe.sbt.jshint.SbtJSHint, com.typesafe.sbt.mocha.SbtMocha, com.typesafe.sbt.less.SbtLess, com.typesafe.sbt.rjs.SbtRjs, com.typesafe.sbt.coffeescript.SbtCoffeeScript, play.sbt.PlayJava, play.sbt.PlayNettyServer, play.sbt.PlayLayoutPlugin, play.sbt.forkrun.PlayForkRun)
[Loading] Done in /Users/mpe12/BSkyBProject/Website, returning: (myProject)
Set current project to play-java (in build file:/Users/mpe12/BSkyBProject/Website/)
Reapplying settings...
Set current project to play-java (in build file:/Users/mpe12/BSkyBProject/Website/)
> iflast shell
> server-send-ready-for-request
> server-handle-next-server-request
> {file:/Users/mpe12/BSkyBProject/Website/}myProject/compile:discoveredMainClasses
Evaluating tasks: compile:discoveredMainClasses
Running task... Cancel: sbt.server.ServerTaskCancellation@61b63172, check cycles: false

Initial source changes: 
	removed:Set()
	added: Set()
	modified: Set()
Removed products: Set()
External API changes: API Changes: Set()
Modified binary dependencies: Set()
Initial directly invalidated sources: Set()

Sources indirectly invalidated by:
	product: Set()
	binary dep: Set()
	external source: Set()
All initially invalidated sources: Set()

ebean-enhance> transform> pkg: models
ebean-enhance> cls: models/Address  msg: no detection so enhancing entity
ebean-enhance> cls: play/db/ebean/Model  msg: read ClassMeta
ebean-enhance> cls: com/avaje/ebean/Model  msg: read ClassMeta
ebean-enhance> cls: models/Address  msg: Found ebean marker field _EBEAN_MARKER models.Address
ebean-enhance> cls: models/Address  msg: Skip intercepting static field _ebean_props
ebean-enhance> cls: models/Address  msg: ... ignore field _ebean_intercept
ebean-enhance> cls: models/Address  msg: Skip intercepting transient field _ebean_identity
ebean-enhance> cls: models/Address  msg: skipping... no enhancement required
ebean-enhance> cls: models/Customer  msg: no detection so enhancing entity
ebean-enhance> cls: models/Customer  msg: Found ebean marker field _EBEAN_MARKER models.Customer
ebean-enhance> cls: models/Customer  msg: Skip intercepting static field _ebean_props
ebean-enhance> cls: models/Customer  msg: ... ignore field _ebean_intercept
ebean-enhance> cls: models/Customer  msg: Skip intercepting transient field _ebean_identity
ebean-enhance> cls: models/Customer  msg: skipping... no enhancement required
ebean-enhance> cls: models/Orders  msg: no detection so enhancing entity
ebean-enhance> cls: models/Orders  msg: Found ebean marker field _EBEAN_MARKER models.Orders
ebean-enhance> cls: models/Orders  msg: Skip intercepting static field _ebean_props
ebean-enhance> cls: models/Orders  msg: ... ignore field _ebean_intercept
ebean-enhance> cls: models/Orders  msg: Skip intercepting transient field _ebean_identity
ebean-enhance> cls: models/Orders  msg: skipping... no enhancement required
ebean-enhance> cls: models/Users  msg: no detection so enhancing entity
ebean-enhance> cls: models/Users  msg: Found ebean marker field _EBEAN_MARKER models.Users
ebean-enhance> cls: models/Users  msg: Skip intercepting static field _ebean_props
ebean-enhance> cls: models/Users  msg: ... ignore field _ebean_intercept
ebean-enhance> cls: models/Users  msg: Skip intercepting transient field _ebean_identity
ebean-enhance> cls: models/Users  msg: skipping... no enhancement required
Total time: 1 s, completed Sep 29, 2015 10:49:54 AM
> server-post-command-cleanup
> server-handle-next-server-request
> {file:/Users/mpe12/BSkyBProject/Website/}myProject/compile:mainClass
Evaluating tasks: compile:mainClass
Running task... Cancel: sbt.server.ServerTaskCancellation@2bd32d57, check cycles: false
Total time: 0 s, completed Sep 29, 2015 10:49:54 AM
> server-post-command-cleanup
> server-handle-next-server-request
> {file:/Users/mpe12/BSkyBProject/Website/}myProject/compile:discoveredMainClasses
Evaluating tasks: compile:discoveredMainClasses
Running task... Cancel: sbt.server.ServerTaskCancellation@9438408, check cycles: false

Initial source changes: 
	removed:Set()
	added: Set()
	modified: Set()
Removed products: Set()
External API changes: API Changes: Set()
Modified binary dependencies: Set()
Initial directly invalidated sources: Set()

Sources indirectly invalidated by:
	product: Set()
	binary dep: Set()
	external source: Set()
All initially invalidated sources: Set()

ebean-enhance> transform> pkg: models
ebean-enhance> cls: models/Address  msg: no detection so enhancing entity
ebean-enhance> cls: play/db/ebean/Model  msg: read ClassMeta
ebean-enhance> cls: com/avaje/ebean/Model  msg: read ClassMeta
ebean-enhance> cls: models/Address  msg: Found ebean marker field _EBEAN_MARKER models.Address
ebean-enhance> cls: models/Address  msg: Skip intercepting static field _ebean_props
ebean-enhance> cls: models/Address  msg: ... ignore field _ebean_intercept
ebean-enhance> cls: models/Address  msg: Skip intercepting transient field _ebean_identity
ebean-enhance> cls: models/Address  msg: skipping... no enhancement required
ebean-enhance> cls: models/Customer  msg: no detection so enhancing entity
ebean-enhance> cls: models/Customer  msg: Found ebean marker field _EBEAN_MARKER models.Customer
ebean-enhance> cls: models/Customer  msg: Skip intercepting static field _ebean_props
ebean-enhance> cls: models/Customer  msg: ... ignore field _ebean_intercept
ebean-enhance> cls: models/Customer  msg: Skip intercepting transient field _ebean_identity
ebean-enhance> cls: models/Customer  msg: skipping... no enhancement required
ebean-enhance> cls: models/Orders  msg: no detection so enhancing entity
ebean-enhance> cls: models/Orders  msg: Found ebean marker field _EBEAN_MARKER models.Orders
ebean-enhance> cls: models/Orders  msg: Skip intercepting static field _ebean_props
ebean-enhance> cls: models/Orders  msg: ... ignore field _ebean_intercept
ebean-enhance> cls: models/Orders  msg: Skip intercepting transient field _ebean_identity
ebean-enhance> cls: models/Orders  msg: skipping... no enhancement required
ebean-enhance> cls: models/Users  msg: no detection so enhancing entity
ebean-enhance> cls: models/Users  msg: Found ebean marker field _EBEAN_MARKER models.Users
ebean-enhance> cls: models/Users  msg: Skip intercepting static field _ebean_props
ebean-enhance> cls: models/Users  msg: ... ignore field _ebean_intercept
ebean-enhance> cls: models/Users  msg: Skip intercepting transient field _ebean_identity
ebean-enhance> cls: models/Users  msg: skipping... no enhancement required
Total time: 0 s, completed Sep 29, 2015 10:49:54 AM
> server-post-command-cleanup
> server-handle-next-server-request
> {file:/Users/mpe12/BSkyBProject/Website/}myProject/compile:mainClass
Evaluating tasks: compile:mainClass
Running task... Cancel: sbt.server.ServerTaskCancellation@63c16723, check cycles: false
Total time: 0 s, completed Sep 29, 2015 10:49:54 AM
> server-post-command-cleanup
> server-handle-next-server-request
> backgroundRun
Evaluating tasks: compile:backgroundRun
Running task... Cancel: sbt.server.ServerTaskCancellation@2695e527, check cycles: false
Total time: 0 s, completed Sep 29, 2015 10:51:08 AM
> server-post-command-cleanup
> server-handle-next-server-request
> {file:/Users/mpe12/BSkyBProject/Website/}myProject/*:playForkConfig
Evaluating tasks: *:playForkConfig
Running task... Cancel: sbt.server.ServerTaskCancellation@7cd07529, check cycles: false
Total time: 0 s, completed Sep 29, 2015 10:51:10 AM
> server-post-command-cleanup
> server-handle-next-server-request
> myProject/playForkNotifyStart http://localhost:9000
Evaluating tasks: *:playForkNotifyStart
Running task... Cancel: sbt.server.ServerTaskCancellation@17c76ba9, check cycles: false
Total time: 0 s, completed Sep 29, 2015 10:51:11 AM
> server-post-command-cleanup
> server-handle-next-server-request
> {file:/Users/mpe12/BSkyBProject/Website/}myProject/*:playForkReload
Evaluating tasks: *:playForkReload
Running task... Cancel: sbt.server.ServerTaskCancellation@3599b52b, check cycles: false

Initial source changes: 
	removed:Set()
	added: Set()
	modified: Set()
Removed products: Set()
External API changes: API Changes: Set()
Modified binary dependencies: Set()
Initial directly invalidated sources: Set()

Sources indirectly invalidated by:
	product: Set()
	binary dep: Set()
	external source: Set()
All initially invalidated sources: Set()

ebean-enhance> transform> pkg: models
ebean-enhance> cls: models/Address  msg: no detection so enhancing entity
ebean-enhance> cls: play/db/ebean/Model  msg: read ClassMeta
ebean-enhance> cls: com/avaje/ebean/Model  msg: read ClassMeta
ebean-enhance> cls: models/Address  msg: Found ebean marker field _EBEAN_MARKER models.Address
ebean-enhance> cls: models/Address  msg: Skip intercepting static field _ebean_props
ebean-enhance> cls: models/Address  msg: ... ignore field _ebean_intercept
ebean-enhance> cls: models/Address  msg: Skip intercepting transient field _ebean_identity
ebean-enhance> cls: models/Address  msg: skipping... no enhancement required
ebean-enhance> cls: models/Customer  msg: no detection so enhancing entity
ebean-enhance> cls: models/Customer  msg: Found ebean marker field _EBEAN_MARKER models.Customer
ebean-enhance> cls: models/Customer  msg: Skip intercepting static field _ebean_props
ebean-enhance> cls: models/Customer  msg: ... ignore field _ebean_intercept
ebean-enhance> cls: models/Customer  msg: Skip intercepting transient field _ebean_identity
ebean-enhance> cls: models/Customer  msg: skipping... no enhancement required
ebean-enhance> cls: models/Orders  msg: no detection so enhancing entity
ebean-enhance> cls: models/Orders  msg: Found ebean marker field _EBEAN_MARKER models.Orders
ebean-enhance> cls: models/Orders  msg: Skip intercepting static field _ebean_props
ebean-enhance> cls: models/Orders  msg: ... ignore field _ebean_intercept
ebean-enhance> cls: models/Orders  msg: Skip intercepting transient field _ebean_identity
ebean-enhance> cls: models/Orders  msg: skipping... no enhancement required
ebean-enhance> cls: models/Users  msg: no detection so enhancing entity
ebean-enhance> cls: models/Users  msg: Found ebean marker field _EBEAN_MARKER models.Users
ebean-enhance> cls: models/Users  msg: Skip intercepting static field _ebean_props
ebean-enhance> cls: models/Users  msg: ... ignore field _ebean_intercept
ebean-enhance> cls: models/Users  msg: Skip intercepting transient field _ebean_identity
ebean-enhance> cls: models/Users  msg: skipping... no enhancement required
Copy resource mappings: 
	(/Users/mpe12/BSkyBProject/Website/conf/application.conf,/Users/mpe12/BSkyBProject/Website/target/scala-2.11/classes/application.conf)
	(/Users/mpe12/BSkyBProject/Website/conf/evolutions,/Users/mpe12/BSkyBProject/Website/target/scala-2.11/classes/evolutions)
	(/Users/mpe12/BSkyBProject/Website/conf/logback.xml,/Users/mpe12/BSkyBProject/Website/target/scala-2.11/classes/logback.xml)
	(/Users/mpe12/BSkyBProject/Website/conf/routes,/Users/mpe12/BSkyBProject/Website/target/scala-2.11/classes/routes)
	(/Users/mpe12/BSkyBProject/Website/conf/evolutions/default,/Users/mpe12/BSkyBProject/Website/target/scala-2.11/classes/evolutions/default)
	(/Users/mpe12/BSkyBProject/Website/conf/evolutions/default/1.sql,/Users/mpe12/BSkyBProject/Website/target/scala-2.11/classes/evolutions/default/1.sql)
Warning: node.js detection failed, sbt will use the Rhino based Trireme JavaScript engine instead to run JavaScript assets compilation, which in some cases may be orders of magnitude slower than using node.js.
Total time: 1 s, completed Sep 29, 2015 10:51:20 AM
> server-post-command-cleanup
> server-handle-next-server-request
> {file:/Users/mpe12/BSkyBProject/Website/}myProject/*:playForkReload
Evaluating tasks: *:playForkReload
Running task... Cancel: sbt.server.ServerTaskCancellation@3d0ad7f2, check cycles: false

Initial source changes: 
	removed:Set()
	added: Set()
	modified: Set(/Users/mpe12/BSkyBProject/Website/app/controllers/Application.java)
Removed products: Set()
External API changes: API Changes: Set()
Modified binary dependencies: Set()
Initial directly invalidated sources: Set(/Users/mpe12/BSkyBProject/Website/app/controllers/Application.java)

Sources indirectly invalidated by:
	product: Set()
	binary dep: Set()
	external source: Set()
All initially invalidated sources: Set(/Users/mpe12/BSkyBProject/Website/app/controllers/Application.java)

Read from stdout: Compiling 1 Java source to /Users/mpe12/BSkyBProject/Website/target/scala-2.11/classes...
Compiling 1 Java source to /Users/mpe12/BSkyBProject/Website/target/scala-2.11/classes...
Attempting to call com.sun.tools.javac.api.JavacTool@325a1365 directly...
Read from stdout: /Users/mpe12/BSkyBProject/Website/app/controllers/Application.java: /Users/mpe12/BSkyBProject/Website/app/controllers/Application.java uses or overrides a deprecated API.
/Users/mpe12/BSkyBProject/Website/app/controllers/Application.java: /Users/mpe12/BSkyBProject/Website/app/controllers/Application.java uses or overrides a deprecated API.
Read from stdout: /Users/mpe12/BSkyBProject/Website/app/controllers/Application.java: Recompile with -Xlint:deprecation for details.
/Users/mpe12/BSkyBProject/Website/app/controllers/Application.java: Recompile with -Xlint:deprecation for details.
Read from stdout: /Users/mpe12/BSkyBProject/Website/app/controllers/Application.java: /Users/mpe12/BSkyBProject/Website/app/controllers/Application.java uses unchecked or unsafe operations.
/Users/mpe12/BSkyBProject/Website/app/controllers/Application.java: /Users/mpe12/BSkyBProject/Website/app/controllers/Application.java uses unchecked or unsafe operations.
Read from stdout: /Users/mpe12/BSkyBProject/Website/app/controllers/Application.java: Recompile with -Xlint:unchecked for details.
/Users/mpe12/BSkyBProject/Website/app/controllers/Application.java: Recompile with -Xlint:unchecked for details.
Java compilation took 0.526688665 s
Java analysis took 0.309816655 s
Java compile + analysis took 0.84375933 s
New invalidations:
	Set()
Initial set of included nodes: Set()
Previously invalidated, but (transitively) depend on new invalidations:
	Set()
All newly invalidated sources after taking into account (previously) recompiled sources:Set()
ebean-enhance> transform> pkg: models
ebean-enhance> cls: models/Address  msg: no detection so enhancing entity
ebean-enhance> cls: play/db/ebean/Model  msg: read ClassMeta
ebean-enhance> cls: com/avaje/ebean/Model  msg: read ClassMeta
ebean-enhance> cls: models/Address  msg: Found ebean marker field _EBEAN_MARKER models.Address
ebean-enhance> cls: models/Address  msg: Skip intercepting static field _ebean_props
ebean-enhance> cls: models/Address  msg: ... ignore field _ebean_intercept
ebean-enhance> cls: models/Address  msg: Skip intercepting transient field _ebean_identity
ebean-enhance> cls: models/Address  msg: skipping... no enhancement required
ebean-enhance> cls: models/Customer  msg: no detection so enhancing entity
ebean-enhance> cls: models/Customer  msg: Found ebean marker field _EBEAN_MARKER models.Customer
ebean-enhance> cls: models/Customer  msg: Skip intercepting static field _ebean_props
ebean-enhance> cls: models/Customer  msg: ... ignore field _ebean_intercept
ebean-enhance> cls: models/Customer  msg: Skip intercepting transient field _ebean_identity
ebean-enhance> cls: models/Customer  msg: skipping... no enhancement required
ebean-enhance> cls: models/Orders  msg: no detection so enhancing entity
ebean-enhance> cls: models/Orders  msg: Found ebean marker field _EBEAN_MARKER models.Orders
ebean-enhance> cls: models/Orders  msg: Skip intercepting static field _ebean_props
ebean-enhance> cls: models/Orders  msg: ... ignore field _ebean_intercept
ebean-enhance> cls: models/Orders  msg: Skip intercepting transient field _ebean_identity
ebean-enhance> cls: models/Orders  msg: skipping... no enhancement required
ebean-enhance> cls: models/Users  msg: no detection so enhancing entity
ebean-enhance> cls: models/Users  msg: Found ebean marker field _EBEAN_MARKER models.Users
ebean-enhance> cls: models/Users  msg: Skip intercepting static field _ebean_props
ebean-enhance> cls: models/Users  msg: ... ignore field _ebean_intercept
ebean-enhance> cls: models/Users  msg: Skip intercepting transient field _ebean_identity
ebean-enhance> cls: models/Users  msg: skipping... no enhancement required
Copy resource mappings: 
	(/Users/mpe12/BSkyBProject/Website/conf/application.conf,/Users/mpe12/BSkyBProject/Website/target/scala-2.11/classes/application.conf)
	(/Users/mpe12/BSkyBProject/Website/conf/evolutions,/Users/mpe12/BSkyBProject/Website/target/scala-2.11/classes/evolutions)
	(/Users/mpe12/BSkyBProject/Website/conf/logback.xml,/Users/mpe12/BSkyBProject/Website/target/scala-2.11/classes/logback.xml)
	(/Users/mpe12/BSkyBProject/Website/conf/routes,/Users/mpe12/BSkyBProject/Website/target/scala-2.11/classes/routes)
	(/Users/mpe12/BSkyBProject/Website/conf/evolutions/default,/Users/mpe12/BSkyBProject/Website/target/scala-2.11/classes/evolutions/default)
	(/Users/mpe12/BSkyBProject/Website/conf/evolutions/default/1.sql,/Users/mpe12/BSkyBProject/Website/target/scala-2.11/classes/evolutions/default/1.sql)
Total time: 1 s, completed Sep 29, 2015 10:51:54 AM
> server-post-command-cleanup
> server-handle-next-server-request
> {file:/Users/mpe12/BSkyBProject/Website/}myProject/compile:discoveredMainClasses
Evaluating tasks: compile:discoveredMainClasses
Running task... Cancel: sbt.server.ServerTaskCancellation@2d1fb50b, check cycles: false

Initial source changes: 
	removed:Set()
	added: Set()
	modified: Set(/Users/mpe12/BSkyBProject/Website/app/controllers/Application.java)
Removed products: Set()
External API changes: API Changes: Set()
Modified binary dependencies: Set()
Initial directly invalidated sources: Set(/Users/mpe12/BSkyBProject/Website/app/controllers/Application.java)

Sources indirectly invalidated by:
	product: Set()
	binary dep: Set()
	external source: Set()
All initially invalidated sources: Set(/Users/mpe12/BSkyBProject/Website/app/controllers/Application.java)

Read from stdout: Compiling 1 Java source to /Users/mpe12/BSkyBProject/Website/target/scala-2.11/classes...
Compiling 1 Java source to /Users/mpe12/BSkyBProject/Website/target/scala-2.11/classes...
Attempting to call com.sun.tools.javac.api.JavacTool@6aac7ef1 directly...
Read from stdout: /Users/mpe12/BSkyBProject/Website/app/controllers/Application.java: /Users/mpe12/BSkyBProject/Website/app/controllers/Application.java uses or overrides a deprecated API.
/Users/mpe12/BSkyBProject/Website/app/controllers/Application.java: /Users/mpe12/BSkyBProject/Website/app/controllers/Application.java uses or overrides a deprecated API.
Read from stdout: /Users/mpe12/BSkyBProject/Website/app/controllers/Application.java: Recompile with -Xlint:deprecation for details.
/Users/mpe12/BSkyBProject/Website/app/controllers/Application.java: Recompile with -Xlint:deprecation for details.
Read from stdout: /Users/mpe12/BSkyBProject/Website/app/controllers/Application.java: /Users/mpe12/BSkyBProject/Website/app/controllers/Application.java uses unchecked or unsafe operations.
/Users/mpe12/BSkyBProject/Website/app/controllers/Application.java: /Users/mpe12/BSkyBProject/Website/app/controllers/Application.java uses unchecked or unsafe operations.
Read from stdout: /Users/mpe12/BSkyBProject/Website/app/controllers/Application.java: Recompile with -Xlint:unchecked for details.
/Users/mpe12/BSkyBProject/Website/app/controllers/Application.java: Recompile with -Xlint:unchecked for details.
Java compilation took 0.080338181 s
Java analysis took 0.049667994 s
Java compile + analysis took 0.13338741 s
Invalidating /Users/mpe12/BSkyBProject/Website/app/controllers/Application.java...
Invalidating (transitively) by inheritance from /Users/mpe12/BSkyBProject/Website/app/controllers/Application.java...
Initial set of included nodes: Set(/Users/mpe12/BSkyBProject/Website/app/controllers/Application.java)
Invalidated by transitive inheritance dependency: Set(/Users/mpe12/BSkyBProject/Website/app/controllers/Application.java)
The /Users/mpe12/BSkyBProject/Website/app/controllers/Application.java source file has the following regular definitions changed:
	orders, addresses.
All member reference dependencies will be considered within this context.
Name hashing optimization doesn't apply to non-Scala dependency: /Users/mpe12/BSkyBProject/Website/app/controllers/Application.java
None of the modified names appears in /Users/mpe12/BSkyBProject/Website/target/scala-2.11/routes/main/router/Routes.scala. This dependency is not being considered for invalidation.
New invalidations:
	Set()
Initial set of included nodes: Set()
Previously invalidated, but (transitively) depend on new invalidations:
	Set()
All newly invalidated sources after taking into account (previously) recompiled sources:Set()
ebean-enhance> transform> pkg: models
ebean-enhance> cls: models/Address  msg: no detection so enhancing entity
ebean-enhance> cls: play/db/ebean/Model  msg: read ClassMeta
ebean-enhance> cls: com/avaje/ebean/Model  msg: read ClassMeta
ebean-enhance> cls: models/Address  msg: Found ebean marker field _EBEAN_MARKER models.Address
ebean-enhance> cls: models/Address  msg: Skip intercepting static field _ebean_props
ebean-enhance> cls: models/Address  msg: ... ignore field _ebean_intercept
ebean-enhance> cls: models/Address  msg: Skip intercepting transient field _ebean_identity
ebean-enhance> cls: models/Address  msg: skipping... no enhancement required
ebean-enhance> cls: models/Customer  msg: no detection so enhancing entity
ebean-enhance> cls: models/Customer  msg: Found ebean marker field _EBEAN_MARKER models.Customer
ebean-enhance> cls: models/Customer  msg: Skip intercepting static field _ebean_props
ebean-enhance> cls: models/Customer  msg: ... ignore field _ebean_intercept
ebean-enhance> cls: models/Customer  msg: Skip intercepting transient field _ebean_identity
ebean-enhance> cls: models/Customer  msg: skipping... no enhancement required
ebean-enhance> cls: models/Orders  msg: no detection so enhancing entity
ebean-enhance> cls: models/Orders  msg: Found ebean marker field _EBEAN_MARKER models.Orders
ebean-enhance> cls: models/Orders  msg: Skip intercepting static field _ebean_props
ebean-enhance> cls: models/Orders  msg: ... ignore field _ebean_intercept
ebean-enhance> cls: models/Orders  msg: Skip intercepting transient field _ebean_identity
ebean-enhance> cls: models/Orders  msg: skipping... no enhancement required
ebean-enhance> cls: models/Users  msg: no detection so enhancing entity
ebean-enhance> cls: models/Users  msg: Found ebean marker field _EBEAN_MARKER models.Users
ebean-enhance> cls: models/Users  msg: Skip intercepting static field _ebean_props
ebean-enhance> cls: models/Users  msg: ... ignore field _ebean_intercept
ebean-enhance> cls: models/Users  msg: Skip intercepting transient field _ebean_identity
ebean-enhance> cls: models/Users  msg: skipping... no enhancement required
Total time: 0 s, completed Sep 29, 2015 10:52:34 AM
> server-post-command-cleanup
> server-handle-next-server-request
> {file:/Users/mpe12/BSkyBProject/Website/}myProject/compile:mainClass
Evaluating tasks: compile:mainClass
Running task... Cancel: sbt.server.ServerTaskCancellation@40dc1bca, check cycles: false
Total time: 0 s, completed Sep 29, 2015 10:52:34 AM
> server-post-command-cleanup
> server-handle-next-server-request
Done executing sbt server engine, result Right(Exit(0))
Closing listening server socket
Waiting for socket thread
Waiting for request processor thread
Waiting for command engine result
Returning control to sbt launcher with result Exit(0)
Closing the 9310@LEEML0195695 logs at Tue Sep 29 10:52:36 BST 2015, goodbye.
