New log file opened at Fri Sep 25 14:26:47 BST 2015 by 84061@LEEML0195480
Sending msg to client activator-551b3b25-2344-47ff-81a8-16a6d0a8e388: DetachedLogEvent(LogMessage(debug,sbt server socket logs are in: /Users/rsp04/Websites/BSkyBProject/Website/.sbtserver/connections/master.log))
Sending msg to client activator-551b3b25-2344-47ff-81a8-16a6d0a8e388: DetachedLogEvent(LogMessage(debug,sbt client logs are in: /Users/rsp04/Websites/BSkyBProject/Website/.sbtserver/connections/activator-551b3b25-2344-47ff-81a8-16a6d0a8e388.log))
Sending msg to client activator-551b3b25-2344-47ff-81a8-16a6d0a8e388: DetachedLogEvent(LogMessage(debug,sbt general server logs are in: /Users/rsp04/Websites/BSkyBProject/Website/.sbtserver/master.log))
Dropping message DetachedLogEvent(LogMessage(debug,sbt general server logs are in: /Users/rsp04/Websites/BSkyBProject/Website/.sbtserver/master.log)) because client activator-551b3b25-2344-47ff-81a8-16a6d0a8e388 of an exception serializing and sending: java.net.SocketException: Broken pipe
stack trace sending message was 
java.net.SocketException: Broken pipe
	at java.net.SocketOutputStream.socketWrite0(Native Method)
	at java.net.SocketOutputStream.socketWrite(SocketOutputStream.java:109)
	at java.net.SocketOutputStream.write(SocketOutputStream.java:153)
	at java.io.BufferedOutputStream.flushBuffer(BufferedOutputStream.java:82)
	at java.io.BufferedOutputStream.flush(BufferedOutputStream.java:140)
	at java.io.DataOutputStream.flush(DataOutputStream.java:123)
	at sbt.impl.ipc.Peer.send(IPC.scala:79)
	at sbt.impl.ipc.Peer.send(IPC.scala:83)
	at sbt.impl.ipc.Peer.sendString(IPC.scala:106)
	at sbt.impl.ipc.Peer.sendJson(IPC.scala:119)
	at sbt.server.SbtClientHandler$$anonfun$send$1.apply$mcV$sp(SbtClientHandler.scala:128)
	at sbt.server.SbtClientHandler.wrappedSend(SbtClientHandler.scala:113)
	at sbt.server.SbtClientHandler.send(SbtClientHandler.scala:128)
	at sbt.server.SbtServerSocketHandler$$anon$1.run(SbtServerSocketHandler.scala:92)
Dropping message DetachedLogEvent(LogMessage(debug,sbt client logs are in: /Users/rsp04/Websites/BSkyBProject/Website/.sbtserver/connections/activator-551b3b25-2344-47ff-81a8-16a6d0a8e388.log)) because client activator-551b3b25-2344-47ff-81a8-16a6d0a8e388 of an exception serializing and sending: java.net.SocketException: Broken pipe
stack trace sending message was 
java.net.SocketException: Broken pipe
	at java.net.SocketOutputStream.socketWrite0(Native Method)
	at java.net.SocketOutputStream.socketWrite(SocketOutputStream.java:109)
	at java.net.SocketOutputStream.write(SocketOutputStream.java:153)
	at java.io.BufferedOutputStream.flushBuffer(BufferedOutputStream.java:82)
	at java.io.BufferedOutputStream.flush(BufferedOutputStream.java:140)
	at java.io.DataOutputStream.flush(DataOutputStream.java:123)
	at sbt.impl.ipc.Peer.send(IPC.scala:79)
	at sbt.impl.ipc.Peer.send(IPC.scala:83)
	at sbt.impl.ipc.Peer.sendString(IPC.scala:106)
	at sbt.impl.ipc.Peer.sendJson(IPC.scala:119)
	at sbt.server.SbtClientHandler$$anonfun$send$1.apply$mcV$sp(SbtClientHandler.scala:128)
	at sbt.server.SbtClientHandler.wrappedSend(SbtClientHandler.scala:113)
	at sbt.server.SbtClientHandler.send(SbtClientHandler.scala:128)
	at sbt.server.SbtClientHandler$clientThread$.run(SbtClientHandler.scala:42)
Reading next message from client.
Client activator-551b3b25-2344-47ff-81a8-16a6d0a8e388 closed, java.net.SocketException: socket is closed, shutting down
Dropping message (0,ReceivedResponse()) to dead client activator-551b3b25-2344-47ff-81a8-16a6d0a8e388
Client activator-551b3b25-2344-47ff-81a8-16a6d0a8e388 thread exiting.
