New log file opened at Sun Sep 27 14:58:27 BST 2015 by 29495@LEEML0195695
Sending msg to client activator-684df8be-63f3-405e-b071-3738d0608429: DetachedLogEvent(LogMessage(debug,sbt server socket logs are in: /Users/mpe12/BSkyBProject/Website/.sbtserver/connections/master.log))
Sending msg to client activator-684df8be-63f3-405e-b071-3738d0608429: DetachedLogEvent(LogMessage(debug,sbt client logs are in: /Users/mpe12/BSkyBProject/Website/.sbtserver/connections/activator-684df8be-63f3-405e-b071-3738d0608429.log))
Sending msg to client activator-684df8be-63f3-405e-b071-3738d0608429: DetachedLogEvent(LogMessage(debug,sbt general server logs are in: /Users/mpe12/BSkyBProject/Website/.sbtserver/master.log))
Reading next message from client.
Got request: ListenToEvents()
Reading next message from client.
Got request: ListenToBuildChange()
Reading next message from client.
Got request: SendSyntheticBuildChanged()
Reading next message from client.
Got request: KeyLookupRequest(discoveredMainClasses)
Reading next message from client.
Got request: KeyLookupRequest(mainClass)
Reading next message from client.
Sending msg to client activator-684df8be-63f3-405e-b071-3738d0608429: (3,ReceivedResponse())
Sending msg to client activator-684df8be-63f3-405e-b071-3738d0608429: DetachedLogEvent(LogMessage(debug,> initialize))
Sending msg to client activator-684df8be-63f3-405e-b071-3738d0608429: DetachedLogEvent(LogMessage(debug,> onFailure load-failed))
Sending msg to client activator-684df8be-63f3-405e-b071-3738d0608429: DetachedLogEvent(LogMessage(debug,> boot))
Sending msg to client activator-684df8be-63f3-405e-b071-3738d0608429: DetachedLogEvent(LogMessage(debug,> reload))
Sending msg to client activator-684df8be-63f3-405e-b071-3738d0608429: DetachedLogEvent(LogMessage(debug,[Loading] Scanning directory /Users/mpe12/BSkyBProject/Website/project))
Sending msg to client activator-684df8be-63f3-405e-b071-3738d0608429: DetachedLogEvent(LogMessage(debug,[Loading] Found non-root projects ))
Sending msg to client activator-684df8be-63f3-405e-b071-3738d0608429: DetachedLogEvent(LogMessage(debug,[Loading] Done in /Users/mpe12/BSkyBProject/Website/project, returning: ()))
Sending msg to client activator-684df8be-63f3-405e-b071-3738d0608429: DetachedLogEvent(LogMessage(debug,deducing auto plugins based on known facts Set(Atom(sbt.plugins.CorePlugin)) and clauses Clauses(List(Clause(Atom(sbt.plugins.JvmPlugin),Set(Atom(sbt.plugins.IvyPlugin))), Clause(Atom(sbt.plugins.JUnitXmlReportPlugin),Set(Atom(sbt.plugins.JvmPlugin))), Clause(Atom(sbt.plugins.CorePlugin),Set(Atom(sbt.plugins.IvyPlugin))), Clause(Atom(sbt.plugins.IvyPlugin),Set(Atom(sbt.plugins.JvmPlugin))), Clause(Atom(sbt.plugins.JvmPlugin),Set(Atom(sbt.plugins.JUnitXmlReportPlugin)))))))
Sending msg to client activator-684df8be-63f3-405e-b071-3738d0608429: DetachedLogEvent(LogMessage(debug,  :: deduced result: Matched(sbt.plugins.CorePlugin,sbt.plugins.IvyPlugin,sbt.plugins.JvmPlugin,sbt.plugins.JUnitXmlReportPlugin)))
Sending msg to client activator-684df8be-63f3-405e-b071-3738d0608429: DetachedLogEvent(LogMessage(debug,sorting: ns: List(sbt.plugins.CorePlugin, sbt.plugins.IvyPlugin, sbt.plugins.JvmPlugin, sbt.plugins.JUnitXmlReportPlugin)))
Sending msg to client activator-684df8be-63f3-405e-b071-3738d0608429: DetachedLogEvent(LogMessage(debug,  :: sorting:: found: List(sbt.plugins.CorePlugin) not found List(sbt.plugins.IvyPlugin, sbt.plugins.JvmPlugin, sbt.plugins.JUnitXmlReportPlugin)))
Sending msg to client activator-684df8be-63f3-405e-b071-3738d0608429: DetachedLogEvent(LogMessage(debug,  :: sorting:: found: List(sbt.plugins.CorePlugin, sbt.plugins.IvyPlugin) not found List(sbt.plugins.JvmPlugin, sbt.plugins.JUnitXmlReportPlugin)))
Sending msg to client activator-684df8be-63f3-405e-b071-3738d0608429: DetachedLogEvent(LogMessage(debug,  :: sorting:: found: List(sbt.plugins.CorePlugin, sbt.plugins.IvyPlugin, sbt.plugins.JvmPlugin) not found List(sbt.plugins.JUnitXmlReportPlugin)))
Sending msg to client activator-684df8be-63f3-405e-b071-3738d0608429: DetachedLogEvent(LogMessage(debug,  :: sorting:: found: List(sbt.plugins.CorePlugin, sbt.plugins.IvyPlugin, sbt.plugins.JvmPlugin, sbt.plugins.JUnitXmlReportPlugin) not found List()))
Sending msg to client activator-684df8be-63f3-405e-b071-3738d0608429: DetachedLogEvent(LogMessage(debug,  :: sorted deduced result: List(sbt.plugins.CorePlugin, sbt.plugins.IvyPlugin, sbt.plugins.JvmPlugin, sbt.plugins.JUnitXmlReportPlugin)))
Sending msg to client activator-684df8be-63f3-405e-b071-3738d0608429: DetachedLogEvent(LogMessage(debug,[Loading] Done in /Users/mpe12/BSkyBProject/Website/project, returning: (website-build)))
Sending msg to client activator-684df8be-63f3-405e-b071-3738d0608429: DetachedLogEvent(LogMessage(info,Loading project definition from /Users/mpe12/BSkyBProject/Website/project))
Sending msg to client activator-684df8be-63f3-405e-b071-3738d0608429: DetachedLogEvent(LogMessage(debug,Running task... Cancel: sbt.TaskCancellationStrategy$Null$@1647ad40, check cycles: false))
Sending msg to client activator-684df8be-63f3-405e-b071-3738d0608429: DetachedLogEvent(LogMessage(debug,
Initial source changes: 
	removed:Set()
	added: Set()
	modified: Set()
Removed products: Set()
External API changes: API Changes: Set()
Modified binary dependencies: Set()
Initial directly invalidated sources: Set()

Sources indirectly invalidated by:
	product: Set()
	binary dep: Set()
	external source: Set()))
Sending msg to client activator-684df8be-63f3-405e-b071-3738d0608429: DetachedLogEvent(LogMessage(debug,All initially invalidated sources: Set()
))
Sending msg to client activator-684df8be-63f3-405e-b071-3738d0608429: DetachedLogEvent(LogMessage(debug,Copy resource mappings: 
	))
Sending msg to client activator-684df8be-63f3-405e-b071-3738d0608429: DetachedLogEvent(LogTrace(UnsupportedClassVersionError,org/webjars/WebJarExtractor$Cache : Unsupported major.minor version 51.0))
Sending msg to client activator-684df8be-63f3-405e-b071-3738d0608429: DetachedLogEvent(LogMessage(error,java.lang.UnsupportedClassVersionError: org/webjars/WebJarExtractor$Cache : Unsupported major.minor version 51.0))
Sending msg to client activator-684df8be-63f3-405e-b071-3738d0608429: DetachedLogEvent(LogMessage(error,Use 'last' for the full log.))
Sending msg to client activator-684df8be-63f3-405e-b071-3738d0608429: DetachedLogEvent(LogMessage(debug,> load-failed))
Sending msg to client activator-684df8be-63f3-405e-b071-3738d0608429: DetachedLogEvent(LogMessage(error,Failed to load project.))
Sending msg to client activator-684df8be-63f3-405e-b071-3738d0608429: BuildFailedToLoad()
Sending msg to client activator-684df8be-63f3-405e-b071-3738d0608429: DetachedLogEvent(LogMessage(debug,> server-wait-for-reboot))
Got request: UnlistenToEvents()
Reading next message from client.
Got request: UnlistenToBuildChange()
Reading next message from client.
Client activator-684df8be-63f3-405e-b071-3738d0608429 EOF, shutting down.
Stopping client.
Dropping message (8,ReceivedResponse()) to dead client activator-684df8be-63f3-405e-b071-3738d0608429
Dropping message (0,ReceivedResponse()) to dead client activator-684df8be-63f3-405e-b071-3738d0608429
Client activator-684df8be-63f3-405e-b071-3738d0608429 thread exiting.
