New log file opened at Mon Sep 28 17:36:50 BST 2015 by 49459@LEEML0195695
Sending msg to client activator-5cdd74a7-6040-4080-8efa-c2fb953c3cbf: DetachedLogEvent(LogMessage(debug,sbt server socket logs are in: /Users/mpe12/BSkyBProject/Website/.sbtserver/connections/master.log))
Sending msg to client activator-5cdd74a7-6040-4080-8efa-c2fb953c3cbf: DetachedLogEvent(LogMessage(debug,sbt client logs are in: /Users/mpe12/BSkyBProject/Website/.sbtserver/connections/activator-5cdd74a7-6040-4080-8efa-c2fb953c3cbf.log))
Sending msg to client activator-5cdd74a7-6040-4080-8efa-c2fb953c3cbf: DetachedLogEvent(LogMessage(debug,sbt general server logs are in: /Users/mpe12/BSkyBProject/Website/.sbtserver/master.log))
Dropping message DetachedLogEvent(LogMessage(debug,sbt client logs are in: /Users/mpe12/BSkyBProject/Website/.sbtserver/connections/activator-5cdd74a7-6040-4080-8efa-c2fb953c3cbf.log)) because client activator-5cdd74a7-6040-4080-8efa-c2fb953c3cbf of an exception serializing and sending: java.net.SocketException: Broken pipe
Dropping message DetachedLogEvent(LogMessage(debug,sbt general server logs are in: /Users/mpe12/BSkyBProject/Website/.sbtserver/master.log)) because client activator-5cdd74a7-6040-4080-8efa-c2fb953c3cbf of an exception serializing and sending: java.net.SocketException: Broken pipe
stack trace sending message was 
java.net.SocketException: Broken pipe
	at java.net.SocketOutputStream.socketWrite0(Native Method)
	at java.net.SocketOutputStream.socketWrite(SocketOutputStream.java:109)
	at java.net.SocketOutputStream.write(SocketOutputStream.java:153)
	at java.io.BufferedOutputStream.flushBuffer(BufferedOutputStream.java:82)
	at java.io.BufferedOutputStream.flush(BufferedOutputStream.java:140)
	at java.io.DataOutputStream.flush(DataOutputStream.java:123)
	at sbt.impl.ipc.Peer.send(IPC.scala:79)
	at sbt.impl.ipc.Peer.send(IPC.scala:83)
	at sbt.impl.ipc.Peer.sendString(IPC.scala:106)
	at sbt.impl.ipc.Peer.sendJson(IPC.scala:119)
	at sbt.server.SbtClientHandler$$anonfun$send$1.apply$mcV$sp(SbtClientHandler.scala:128)
	at sbt.server.SbtClientHandler.wrappedSend(SbtClientHandler.scala:113)
	at sbt.server.SbtClientHandler.send(SbtClientHandler.scala:128)
	at sbt.server.SbtClientHandler$clientThread$.run(SbtClientHandler.scala:42)
stack trace sending message was 
java.net.SocketException: Broken pipe
	at java.net.SocketOutputStream.socketWrite0(Native Method)
	at java.net.SocketOutputStream.socketWrite(SocketOutputStream.java:109)
	at java.net.SocketOutputStream.write(SocketOutputStream.java:153)
	at java.io.BufferedOutputStream.flushBuffer(BufferedOutputStream.java:82)
	at java.io.BufferedOutputStream.flush(BufferedOutputStream.java:140)
	at java.io.DataOutputStream.flush(DataOutputStream.java:123)
	at sbt.impl.ipc.Peer.send(IPC.scala:79)
	at sbt.impl.ipc.Peer.send(IPC.scala:83)
	at sbt.impl.ipc.Peer.sendString(IPC.scala:106)
	at sbt.impl.ipc.Peer.sendJson(IPC.scala:119)
	at sbt.server.SbtClientHandler$$anonfun$send$1.apply$mcV$sp(SbtClientHandler.scala:128)
	at sbt.server.SbtClientHandler.wrappedSend(SbtClientHandler.scala:113)
	at sbt.server.SbtClientHandler.send(SbtClientHandler.scala:128)
	at sbt.server.SbtServerSocketHandler$$anon$1.run(SbtServerSocketHandler.scala:92)
Reading next message from client.
Client activator-5cdd74a7-6040-4080-8efa-c2fb953c3cbf closed, java.net.SocketException: socket is closed, shutting down
Dropping message (0,ReceivedResponse()) to dead client activator-5cdd74a7-6040-4080-8efa-c2fb953c3cbf
Client activator-5cdd74a7-6040-4080-8efa-c2fb953c3cbf thread exiting.
