New log file opened at Wed Sep 30 17:48:54 BST 2015 by 2550@LEEML0195480
Taking next connection to: 49933
New client attempting to connect on port: 49934-49933
  Address = /10.128.3.67:49933
This client on port 49934 has uuid 586772f0-a964-4621-a89e-fe53013d847d configName activator humanReadableName Activator protocolVersion 3 featureTags Vector()
Connected Clients: activator-586772f0-a964-4621-a89e-fe53013d847d
Taking next connection to: 49933
New client attempting to connect on port: 49935-49933
  Address = /10.128.3.67:49933
Handshake exception on socket: 49935
sbt.impl.ipc.HandshakeException: Unable to perform handshake
	at sbt.impl.ipc.Peer.handshake(IPC.scala:46)
	at sbt.impl.ipc.MultiClientServer.<init>(IPC.scala:150)
	at sbt.server.SbtServerSocketHandler$$anon$1.run(SbtServerSocketHandler.scala:43)
Caused by: java.io.EOFException
	at java.io.DataInputStream.readInt(DataInputStream.java:392)
	at sbt.impl.ipc.Peer.receive(IPC.scala:95)
	at sbt.impl.ipc.Peer.handshake(IPC.scala:49)
	... 2 more
Taking next connection to: 49933
New client attempting to connect on port: 49936-49933
  Address = /10.128.3.67:49933
This client on port 49936 has uuid 23263c31-f4ce-48ff-8fdf-a9ffc43150e9 configName activator humanReadableName Activator protocolVersion 3 featureTags Vector()
Connected Clients: activator-586772f0-a964-4621-a89e-fe53013d847d, activator-23263c31-f4ce-48ff-8fdf-a9ffc43150e9
Taking next connection to: 49933
Checking to see if clients are empty...
We have 1 non-daemon clients, continuing serving connections.
Taking next connection to: 49933
